# JRE version: OpenJDK Runtime Environment (8.0_242-b01) (build 1.8.0_242-release-1644-b01)
# Java VM: OpenJDK 64-Bit Server VM (25.242-b01 mixed mode windows-amd64 compressed oops)
Heap:
 PSYoungGen      total 348160K, used 346486K [0x00000000e0000000, 0x00000000fb480000, 0x0000000100000000)
  eden space 322048K, 100% used [0x00000000e0000000,0x00000000f3a80000,0x00000000f3a80000)
  from space 26112K, 93% used [0x00000000f3a80000,0x00000000f525dac0,0x00000000f5400000)
  to   space 29184K, 99% used [0x00000000f9800000,0x00000000fb47e3a8,0x00000000fb480000)
 ParOldGen       total 216576K, used 105673K [0x00000000a0000000, 0x00000000ad380000, 0x00000000e0000000)
  object space 216576K, 48% used [0x00000000a0000000,0x00000000a6738560,0x00000000ad380000)
 Metaspace       used 67473K, capacity 71814K, committed 72104K, reserved 1112064K
  class space    used 9470K, capacity 10303K, committed 10416K, reserved 1048576K
GC Heap History (10 events):
Event: 3.088 GC heap after
Heap after GC invocations=8 (full 2):
 PSYoungGen      total 229888K, used 0K [0x00000000e0000000, 0x00000000ef080000, 0x0000000100000000)
  eden space 216576K, 0% used [0x00000000e0000000,0x00000000e0000000,0x00000000ed380000)
  from space 13312K, 0% used [0x00000000ee380000,0x00000000ee380000,0x00000000ef080000)
  to   space 14848K, 0% used [0x00000000ed380000,0x00000000ed380000,0x00000000ee200000)
 ParOldGen       total 143872K, used 15789K [0x00000000a0000000, 0x00000000a8c80000, 0x00000000e0000000)
  object space 143872K, 10% used [0x00000000a0000000,0x00000000a0f6b400,0x00000000a8c80000)
 Metaspace       used 34594K, capacity 35414K, committed 35496K, reserved 1079296K
  class space    used 4744K, capacity 4972K, committed 5040K, reserved 1048576K
}
Event: 4.703 GC heap before
{Heap before GC invocations=9 (full 2):
 PSYoungGen      total 229888K, used 216576K [0x00000000e0000000, 0x00000000ef080000, 0x0000000100000000)
  eden space 216576K, 100% used [0x00000000e0000000,0x00000000ed380000,0x00000000ed380000)
  from space 13312K, 0% used [0x00000000ee380000,0x00000000ee380000,0x00000000ef080000)
  to   space 14848K, 0% used [0x00000000ed380000,0x00000000ed380000,0x00000000ee200000)
 ParOldGen       total 143872K, used 15789K [0x00000000a0000000, 0x00000000a8c80000, 0x00000000e0000000)
  object space 143872K, 10% used [0x00000000a0000000,0x00000000a0f6b400,0x00000000a8c80000)
 Metaspace       used 50529K, capacity 52242K, committed 52264K, reserved 1093632K
  class space    used 6785K, capacity 7214K, committed 7216K, reserved 1048576K
Event: 4.721 GC heap after
Heap after GC invocations=9 (full 2):
 PSYoungGen      total 231424K, used 14846K [0x00000000e0000000, 0x00000000f6980000, 0x0000000100000000)
  eden space 216576K, 0% used [0x00000000e0000000,0x00000000e0000000,0x00000000ed380000)
  from space 14848K, 99% used [0x00000000ed380000,0x00000000ee1ff988,0x00000000ee200000)
  to   space 22016K, 0% used [0x00000000f5400000,0x00000000f5400000,0x00000000f6980000)
 ParOldGen       total 143872K, used 26050K [0x00000000a0000000, 0x00000000a8c80000, 0x00000000e0000000)
  object space 143872K, 18% used [0x00000000a0000000,0x00000000a1970b50,0x00000000a8c80000)
 Metaspace       used 50529K, capacity 52242K, committed 52264K, reserved 1093632K
  class space    used 6785K, capacity 7214K, committed 7216K, reserved 1048576K
}
Event: 5.494 GC heap before
{Heap before GC invocations=10 (full 2):
 PSYoungGen      total 231424K, used 116728K [0x00000000e0000000, 0x00000000f6980000, 0x0000000100000000)
  eden space 216576K, 47% used [0x00000000e0000000,0x00000000e637e7d8,0x00000000ed380000)
  from space 14848K, 99% used [0x00000000ed380000,0x00000000ee1ff988,0x00000000ee200000)
  to   space 22016K, 0% used [0x00000000f5400000,0x00000000f5400000,0x00000000f6980000)
 ParOldGen       total 143872K, used 26050K [0x00000000a0000000, 0x00000000a8c80000, 0x00000000e0000000)
  object space 143872K, 18% used [0x00000000a0000000,0x00000000a1970b50,0x00000000a8c80000)
 Metaspace       used 57107K, capacity 59092K, committed 59160K, reserved 1099776K
  class space    used 7850K, capacity 8344K, committed 8368K, reserved 1048576K
Event: 5.511 GC heap after
Heap after GC invocations=10 (full 2):
 PSYoungGen      total 344064K, used 22009K [0x00000000e0000000, 0x00000000f7180000, 0x0000000100000000)
  eden space 322048K, 0% used [0x00000000e0000000,0x00000000e0000000,0x00000000f3a80000)
  from space 22016K, 99% used [0x00000000f5400000,0x00000000f697e7f0,0x00000000f6980000)
  to   space 26112K, 0% used [0x00000000f3a80000,0x00000000f3a80000,0x00000000f5400000)
 ParOldGen       total 143872K, used 28593K [0x00000000a0000000, 0x00000000a8c80000, 0x00000000e0000000)
  object space 143872K, 19% used [0x00000000a0000000,0x00000000a1bec700,0x00000000a8c80000)
 Metaspace       used 57107K, capacity 59092K, committed 59160K, reserved 1099776K
  class space    used 7850K, capacity 8344K, committed 8368K, reserved 1048576K
}
Event: 5.511 GC heap before
{Heap before GC invocations=11 (full 3):
 PSYoungGen      total 344064K, used 22009K [0x00000000e0000000, 0x00000000f7180000, 0x0000000100000000)
  eden space 322048K, 0% used [0x00000000e0000000,0x00000000e0000000,0x00000000f3a80000)
  from space 22016K, 99% used [0x00000000f5400000,0x00000000f697e7f0,0x00000000f6980000)
  to   space 26112K, 0% used [0x00000000f3a80000,0x00000000f3a80000,0x00000000f5400000)
 ParOldGen       total 143872K, used 28593K [0x00000000a0000000, 0x00000000a8c80000, 0x00000000e0000000)
  object space 143872K, 19% used [0x00000000a0000000,0x00000000a1bec700,0x00000000a8c80000)
 Metaspace       used 57107K, capacity 59092K, committed 59160K, reserved 1099776K
  class space    used 7850K, capacity 8344K, committed 8368K, reserved 1048576K
Event: 5.689 GC heap after
Heap after GC invocations=11 (full 3):
 PSYoungGen      total 344064K, used 0K [0x00000000e0000000, 0x00000000f7180000, 0x0000000100000000)
  eden space 322048K, 0% used [0x00000000e0000000,0x00000000e0000000,0x00000000f3a80000)
  from space 22016K, 0% used [0x00000000f5400000,0x00000000f5400000,0x00000000f6980000)
  to   space 26112K, 0% used [0x00000000f3a80000,0x00000000f3a80000,0x00000000f5400000)
 ParOldGen       total 216576K, used 36730K [0x00000000a0000000, 0x00000000ad380000, 0x00000000e0000000)
  object space 216576K, 16% used [0x00000000a0000000,0x00000000a23dea00,0x00000000ad380000)
 Metaspace       used 57073K, capacity 58978K, committed 59160K, reserved 1099776K
  class space    used 7840K, capacity 8325K, committed 8368K, reserved 1048576K
}
Event: 7.207 GC heap before
{Heap before GC invocations=12 (full 3):
 PSYoungGen      total 344064K, used 322048K [0x00000000e0000000, 0x00000000f7180000, 0x0000000100000000)
  eden space 322048K, 100% used [0x00000000e0000000,0x00000000f3a80000,0x00000000f3a80000)
  from space 22016K, 0% used [0x00000000f5400000,0x00000000f5400000,0x00000000f6980000)
  to   space 26112K, 0% used [0x00000000f3a80000,0x00000000f3a80000,0x00000000f5400000)
 ParOldGen       total 216576K, used 36730K [0x00000000a0000000, 0x00000000ad380000, 0x00000000e0000000)
  object space 216576K, 16% used [0x00000000a0000000,0x00000000a23dea00,0x00000000ad380000)
 Metaspace       used 62661K, capacity 66426K, committed 66600K, reserved 1105920K
  class space    used 8688K, capacity 9437K, committed 9520K, reserved 1048576K
Event: 7.227 GC heap after
Heap after GC invocations=12 (full 3):
 PSYoungGen      total 348160K, used 24438K [0x00000000e0000000, 0x00000000fb480000, 0x0000000100000000)
  eden space 322048K, 0% used [0x00000000e0000000,0x00000000e0000000,0x00000000f3a80000)
  from space 26112K, 93% used [0x00000000f3a80000,0x00000000f525dac0,0x00000000f5400000)
  to   space 29184K, 0% used [0x00000000f9800000,0x00000000f9800000,0x00000000fb480000)
 ParOldGen       total 216576K, used 36738K [0x00000000a0000000, 0x00000000ad380000, 0x00000000e0000000)
  object space 216576K, 16% used [0x00000000a0000000,0x00000000a23e0a00,0x00000000ad380000)
 Metaspace       used 62661K, capacity 66426K, committed 66600K, reserved 1105920K
  class space    used 8688K, capacity 9437K, committed 9520K, reserved 1048576K
}
Event: 8.327 GC heap before
{Heap before GC invocations=13 (full 3):
 PSYoungGen      total 348160K, used 346486K [0x00000000e0000000, 0x00000000fb480000, 0x0000000100000000)
  eden space 322048K, 100% used [0x00000000e0000000,0x00000000f3a80000,0x00000000f3a80000)
  from space 26112K, 93% used [0x00000000f3a80000,0x00000000f525dac0,0x00000000f5400000)
  to   space 29184K, 0% used [0x00000000f9800000,0x00000000f9800000,0x00000000fb480000)
 ParOldGen       total 216576K, used 36738K [0x00000000a0000000, 0x00000000ad380000, 0x00000000e0000000)
  object space 216576K, 16% used [0x00000000a0000000,0x00000000a23e0a00,0x00000000ad380000)
 Metaspace       used 67473K, capacity 71814K, committed 72104K, reserved 1112064K
  class space    used 9470K, capacity 10303K, committed 10416K, reserved 1048576K

